[01:42:33] [Server thread/INFO]: Starting minecraft server version 1.8.8
[01:42:33] [Server thread/INFO]: Loading properties
[01:42:33] [Server thread/INFO]: Default game type: SURVIVAL
[01:42:33] [Server thread/INFO]: This server is running CraftBukkit version git-PaperSpigot-445 (MC: 1.8.8) (Implementing API version 1.8.8-R0.1-SNAPSHOT)
[01:42:33] [Server thread/INFO]: Unable to find file whitelist.json, creating it.
[01:42:33] [Server thread/INFO]: Debug logging is disabled
[01:42:33] [Server thread/INFO]: Spigot Timings: true - Verbose: true - Interval: 5m - Length: 60m
[01:42:33] [Server thread/INFO]: Server Ping Player Sample Count: 12

[01:42:33] [Server thread/INFO]: Using 4 threads for Netty based IO
[01:42:33] [Server thread/INFO]: Data value allowed items: 
[01:42:33] [Server thread/WARN]: java.lang.NoSuchFieldException: modifiers

[01:42:33] [Server thread/WARN]: 	at java.base/java.lang.Class.getDeclaredField(Class.java:2782)

[01:42:33] [Server thread/WARN]: 	at org.github.paperspigot.PaperSpigotConfig.stackableBuckets(PaperSpigotConfig.java:192)

[01:42:34] [Server thread/WARN]: 	at java.base/jdk.internal.reflect.DirectMethodHandleAccessor.invoke(DirectMethodHandleAccessor.java:103)

[01:42:34] [Server thread/WARN]: 	at java.base/java.lang.reflect.Method.invoke(Method.java:580)

[01:42:34] [Server thread/WARN]: 	at org.github.paperspigot.PaperSpigotConfig.readConfig(PaperSpigotConfig.java:84)

[01:42:34] [Server thread/WARN]: 	at org.github.paperspigot.PaperSpigotConfig.init(PaperSpigotConfig.java:62)

[01:42:34] [Server thread/WARN]: 	at net.minecraft.server.v1_8_R3.DedicatedServer.init(DedicatedServer.java:181)

[01:42:34] [Server thread/WARN]: 	at net.minecraft.server.v1_8_R3.MinecraftServer.run(MinecraftServer.java:563)

[01:42:34] [Server thread/WARN]: 	at java.base/java.lang.Thread.run(Thread.java:1583)

[01:42:34] [Server thread/INFO]: Generating keypair
[01:42:34] [Server thread/INFO]: Starting Minecraft server on *:25565
[01:42:34] [Server thread/INFO]: Your platform does not provide complete low-level API for accessing direct buffers reliably. Unless explicitly requested, heap buffer will always be preferred to avoid potential system unstability.
[01:42:34] [Server thread/INFO]: Using epoll channel type
[01:42:34] [Server thread/INFO]: **** Beginning UUID conversion, this may take A LONG time ****
[01:42:34] [Server thread/INFO]: Preparing level "world"
[01:42:34] [Server thread/INFO]: -------- World Settings For [world] --------
[01:42:34] [Server thread/INFO]: Mob Spawn Range: 4
[01:42:34] [Server thread/INFO]: Anti X-Ray: true
[01:42:34] [Server thread/INFO]: 	Engine Mode: 1
[01:42:34] [Server thread/INFO]: 	Hidden Blocks: [14, 15, 16, 21, 48, 49, 54, 56, 73, 74, 82, 129, 130]
[01:42:34] [Server thread/INFO]: 	Replace Blocks: [1, 5]
[01:42:34] [Server thread/INFO]: Nerfing mobs spawned from spawners: false
[01:42:34] [Server thread/INFO]: Cactus Growth Modifier: 100%
[01:42:34] [Server thread/INFO]: Cane Growth Modifier: 100%
[01:42:34] [Server thread/INFO]: Melon Growth Modifier: 100%
[01:42:34] [Server thread/INFO]: Mushroom Growth Modifier: 100%
[01:42:34] [Server thread/INFO]: Pumpkin Growth Modifier: 100%
[01:42:34] [Server thread/INFO]: Sapling Growth Modifier: 100%
[01:42:34] [Server thread/INFO]: Wheat Growth Modifier: 100%
[01:42:34] [Server thread/INFO]: NetherWart Growth Modifier: 100%
[01:42:34] [Server thread/INFO]: Entity Activation Range: An 32 / Mo 32 / Mi 16
[01:42:34] [Server thread/INFO]: Entity Tracking Range: Pl 48 / An 48 / Mo 48 / Mi 32 / Other 64
[01:42:34] [Server thread/INFO]: Hopper Transfer: 8 Hopper Check: 8 Hopper Amount: 1
[01:42:34] [Server thread/INFO]: Random Lighting Updates: false
[01:42:34] [Server thread/INFO]: Structure Info Saving: true
[01:42:34] [Server thread/INFO]: Sending up to 10 chunks per packet
[01:42:34] [Server thread/INFO]: Max Entity Collisions: 8
[01:42:34] [Server thread/INFO]: Custom Map Seeds:  Village: 10387312 Feature: 14357617
[01:42:34] [Server thread/INFO]: Max TNT Explosions: 100
[01:42:34] [Server thread/INFO]: Tile Max Tick Time: 50ms Entity max Tick Time: 50ms
[01:42:34] [Server thread/INFO]: Item Despawn Rate: 6000
[01:42:34] [Server thread/INFO]: Item Merge Radius: 2.5
[01:42:34] [Server thread/INFO]: Arrow Despawn Rate: 1200
[01:42:34] [Server thread/INFO]: Allow Zombie Pigmen to spawn from portal blocks: true
[01:42:34] [Server thread/INFO]: View Distance: 10
[01:42:34] [Server thread/INFO]: Zombie Aggressive Towards Villager: true
[01:42:34] [Server thread/INFO]: Chunks to Grow per Tick: 650
[01:42:35] [Server thread/INFO]: Clear tick list: false
[01:42:35] [Server thread/INFO]: Experience Merge Radius: 3.0
[01:42:35] [Server thread/INFO]: -------- World Settings For [world] --------
[01:42:35] [Server thread/INFO]: Squids will spawn between Y: 45.0 and Y: 63.0
[01:42:35] [Server thread/INFO]: Max height for cactus growth 3. Max height for reed growth 3
[01:42:35] [Server thread/INFO]: Living Entity Despawn Ranges:  Soft: 32 Hard: 128
[01:42:35] [Server thread/INFO]: Player blocking damage multiplier set to 0.5
[01:42:35] [Server thread/INFO]: Remove invalid mob spawner tile entities: true
[01:42:35] [Server thread/INFO]: Water over lava flow speed: 5
[01:42:35] [Server thread/INFO]: Fix TNT cannons: false
[01:42:35] [Server thread/INFO]: Allow undead horse types to be leashed: false
[01:42:35] [Server thread/INFO]: Keep spawn chunk loaded: true
[01:42:35] [Server thread/INFO]: World async lighting: false
[01:42:35] [Server thread/INFO]: WorldServer TickNextTick cap set at 10000
[01:42:35] [Server thread/INFO]: WorldServer TickNextTickList cap always processes redstone: false
[01:42:35] [Server thread/INFO]: -------- World Settings For [world_nether] --------
[01:42:35] [Server thread/INFO]: Mob Spawn Range: 4
[01:42:35] [Server thread/INFO]: Anti X-Ray: true
[01:42:35] [Server thread/INFO]: 	Engine Mode: 1
[01:42:35] [Server thread/INFO]: 	Hidden Blocks: [14, 15, 16, 21, 48, 49, 54, 56, 73, 74, 82, 129, 130]
[01:42:35] [Server thread/INFO]: 	Replace Blocks: [1, 5]
[01:42:35] [Server thread/INFO]: Nerfing mobs spawned from spawners: false
[01:42:35] [Server thread/INFO]: Cactus Growth Modifier: 100%
[01:42:35] [Server thread/INFO]: Cane Growth Modifier: 100%
[01:42:35] [Server thread/INFO]: Melon Growth Modifier: 100%
[01:42:35] [Server thread/INFO]: Mushroom Growth Modifier: 100%
[01:42:35] [Server thread/INFO]: Pumpkin Growth Modifier: 100%
[01:42:35] [Server thread/INFO]: Sapling Growth Modifier: 100%
[01:42:35] [Server thread/INFO]: Wheat Growth Modifier: 100%
[01:42:35] [Server thread/INFO]: NetherWart Growth Modifier: 100%
[01:42:35] [Server thread/INFO]: Entity Activation Range: An 32 / Mo 32 / Mi 16
[01:42:35] [Server thread/INFO]: Entity Tracking Range: Pl 48 / An 48 / Mo 48 / Mi 32 / Other 64
[01:42:35] [Server thread/INFO]: Hopper Transfer: 8 Hopper Check: 8 Hopper Amount: 1
[01:42:35] [Server thread/INFO]: Random Lighting Updates: false
[01:42:35] [Server thread/INFO]: Structure Info Saving: true
[01:42:35] [Server thread/INFO]: Sending up to 10 chunks per packet
[01:42:35] [Server thread/INFO]: Max Entity Collisions: 8
[01:42:35] [Server thread/INFO]: Custom Map Seeds:  Village: 10387312 Feature: 14357617
[01:42:35] [Server thread/INFO]: Max TNT Explosions: 100
[01:42:35] [Server thread/INFO]: Tile Max Tick Time: 50ms Entity max Tick Time: 50ms
[01:42:35] [Server thread/INFO]: Item Despawn Rate: 6000
[01:42:35] [Server thread/INFO]: Item Merge Radius: 2.5
[01:42:35] [Server thread/INFO]: Arrow Despawn Rate: 1200
[01:42:35] [Server thread/INFO]: Allow Zombie Pigmen to spawn from portal blocks: true
[01:42:35] [Server thread/INFO]: View Distance: 10
[01:42:35] [Server thread/INFO]: Zombie Aggressive Towards Villager: true
[01:42:35] [Server thread/INFO]: Chunks to Grow per Tick: 650
[01:42:35] [Server thread/INFO]: Clear tick list: false
[01:42:35] [Server thread/INFO]: Experience Merge Radius: 3.0
[01:42:35] [Server thread/INFO]: -------- World Settings For [world_nether] --------
[01:42:35] [Server thread/INFO]: Squids will spawn between Y: 45.0 and Y: 63.0
[01:42:35] [Server thread/INFO]: Max height for cactus growth 3. Max height for reed growth 3
[01:42:35] [Server thread/INFO]: Living Entity Despawn Ranges:  Soft: 32 Hard: 128
[01:42:35] [Server thread/INFO]: Player blocking damage multiplier set to 0.5
[01:42:35] [Server thread/INFO]: Remove invalid mob spawner tile entities: true
[01:42:35] [Server thread/INFO]: Water over lava flow speed: 5
[01:42:35] [Server thread/INFO]: Fix TNT cannons: false
[01:42:35] [Server thread/INFO]: Allow undead horse types to be leashed: false
[01:42:35] [Server thread/INFO]: Keep spawn chunk loaded: true
[01:42:35] [Server thread/INFO]: World async lighting: false
[01:42:35] [Server thread/INFO]: WorldServer TickNextTick cap set at 10000
[01:42:35] [Server thread/INFO]: WorldServer TickNextTickList cap always processes redstone: false
[01:42:35] [Server thread/INFO]: -------- World Settings For [world_the_end] --------
[01:42:35] [Server thread/INFO]: Mob Spawn Range: 4
[01:42:35] [Server thread/INFO]: Anti X-Ray: true
[01:42:35] [Server thread/INFO]: 	Engine Mode: 1
[01:42:35] [Server thread/INFO]: 	Hidden Blocks: [14, 15, 16, 21, 48, 49, 54, 56, 73, 74, 82, 129, 130]
[01:42:35] [Server thread/INFO]: 	Replace Blocks: [1, 5]
[01:42:35] [Server thread/INFO]: Nerfing mobs spawned from spawners: false
[01:42:35] [Server thread/INFO]: Cactus Growth Modifier: 100%
[01:42:35] [Server thread/INFO]: Cane Growth Modifier: 100%
[01:42:35] [Server thread/INFO]: Melon Growth Modifier: 100%
[01:42:35] [Server thread/INFO]: Mushroom Growth Modifier: 100%
[01:42:35] [Server thread/INFO]: Pumpkin Growth Modifier: 100%
[01:42:35] [Server thread/INFO]: Sapling Growth Modifier: 100%
[01:42:35] [Server thread/INFO]: Wheat Growth Modifier: 100%
[01:42:35] [Server thread/INFO]: NetherWart Growth Modifier: 100%
[01:42:35] [Server thread/INFO]: Entity Activation Range: An 32 / Mo 32 / Mi 16
[01:42:35] [Server thread/INFO]: Entity Tracking Range: Pl 48 / An 48 / Mo 48 / Mi 32 / Other 64
[01:42:35] [Server thread/INFO]: Hopper Transfer: 8 Hopper Check: 8 Hopper Amount: 1
[01:42:35] [Server thread/INFO]: Random Lighting Updates: false
[01:42:35] [Server thread/INFO]: Structure Info Saving: true
[01:42:35] [Server thread/INFO]: Sending up to 10 chunks per packet
[01:42:35] [Server thread/INFO]: Max Entity Collisions: 8
[01:42:35] [Server thread/INFO]: Custom Map Seeds:  Village: 10387312 Feature: 14357617
[01:42:35] [Server thread/INFO]: Max TNT Explosions: 100
[01:42:35] [Server thread/INFO]: Tile Max Tick Time: 50ms Entity max Tick Time: 50ms
[01:42:35] [Server thread/INFO]: Item Despawn Rate: 6000
[01:42:35] [Server thread/INFO]: Item Merge Radius: 2.5
[01:42:35] [Server thread/INFO]: Arrow Despawn Rate: 1200
[01:42:35] [Server thread/INFO]: Allow Zombie Pigmen to spawn from portal blocks: true
[01:42:35] [Server thread/INFO]: View Distance: 10
[01:42:35] [Server thread/INFO]: Zombie Aggressive Towards Villager: true
[01:42:35] [Server thread/INFO]: Chunks to Grow per Tick: 650
[01:42:35] [Server thread/INFO]: Clear tick list: false
[01:42:35] [Server thread/INFO]: Experience Merge Radius: 3.0
[01:42:35] [Server thread/INFO]: -------- World Settings For [world_the_end] --------
[01:42:35] [Server thread/INFO]: Squids will spawn between Y: 45.0 and Y: 63.0
[01:42:35] [Server thread/INFO]: Max height for cactus growth 3. Max height for reed growth 3
[01:42:35] [Server thread/INFO]: Living Entity Despawn Ranges:  Soft: 32 Hard: 128
[01:42:35] [Server thread/INFO]: Player blocking damage multiplier set to 0.5
[01:42:35] [Server thread/INFO]: Remove invalid mob spawner tile entities: true
[01:42:35] [Server thread/INFO]: Water over lava flow speed: 5
[01:42:35] [Server thread/INFO]: Fix TNT cannons: false
[01:42:35] [Server thread/INFO]: Allow undead horse types to be leashed: false
[01:42:35] [Server thread/INFO]: Keep spawn chunk loaded: true
[01:42:35] [Server thread/INFO]: World async lighting: false
[01:42:35] [Server thread/INFO]: WorldServer TickNextTick cap set at 10000
[01:42:35] [Server thread/INFO]: WorldServer TickNextTickList cap always processes redstone: false
[01:42:35] [Server thread/INFO]: Preparing start region for level 0 (Seed: -5964016198650608297)
[01:42:36] [Server thread/INFO]: Preparing spawn area: 8%
[01:42:37] [Server thread/INFO]: Preparing spawn area: 18%
[01:42:38] [Server thread/INFO]: Preparing spawn area: 28%
[01:42:39] [Server thread/INFO]: Preparing spawn area: 45%
[01:42:40] [Server thread/INFO]: Preparing spawn area: 60%
[01:42:41] [Server thread/INFO]: Preparing spawn area: 73%
[01:42:42] [Server thread/INFO]: Preparing spawn area: 85%
[01:42:43] [Server thread/INFO]: Preparing spawn area: 98%
[01:42:43] [Server thread/INFO]: Preparing start region for level 1 (Seed: -5964016198650608297)
